[INFO] Scanning for projects...
[INFO] 
[INFO] -----------------------< org.example:FlinkTpcDs >-----------------------
[INFO] Building FlinkTpcDs 1.0-SNAPSHOT
[INFO]   from pom.xml
[INFO] --------------------------------[ jar ]---------------------------------
[INFO] 
[INFO] --- maven-clean-plugin:2.5:clean (default-clean) @ FlinkTpcDs ---
[INFO] Deleting /home/egrabovaj/SmartnicOffloading/FlinkProject/FlinkTpcDs/target
[INFO] 
[INFO] --- maven-resources-plugin:2.6:resources (default-resources) @ FlinkTpcDs ---
[INFO] Using 'UTF-8' encoding to copy filtered resources.
[INFO] Copying 1 resource
[INFO] 
[INFO] --- maven-compiler-plugin:3.1:compile (default-compile) @ FlinkTpcDs ---
[INFO] Changes detected - recompiling the module!
[INFO] Compiling 1 source file to /home/egrabovaj/SmartnicOffloading/FlinkProject/FlinkTpcDs/target/classes
[INFO] 
[INFO] --- maven-resources-plugin:2.6:testResources (default-testResources) @ FlinkTpcDs ---
[INFO] Using 'UTF-8' encoding to copy filtered resources.
[INFO] skip non existing resourceDirectory /home/egrabovaj/SmartnicOffloading/FlinkProject/FlinkTpcDs/src/test/resources
[INFO] 
[INFO] --- maven-compiler-plugin:3.1:testCompile (default-testCompile) @ FlinkTpcDs ---
[INFO] No sources to compile
[INFO] 
[INFO] --- maven-surefire-plugin:2.12.4:test (default-test) @ FlinkTpcDs ---
[INFO] No tests to run.
[INFO] 
[INFO] --- maven-jar-plugin:2.4:jar (default-jar) @ FlinkTpcDs ---
[INFO] Building jar: /home/egrabovaj/SmartnicOffloading/FlinkProject/FlinkTpcDs/target/FlinkTpcDs-1.0-SNAPSHOT.jar
[INFO] 
[INFO] --- maven-shade-plugin:3.2.4:shade (default) @ FlinkTpcDs ---
[INFO] Including org.apache.flink:flink-core:jar:1.14.4 in the shaded jar.
[INFO] Including org.apache.flink:flink-annotations:jar:1.14.4 in the shaded jar.
[INFO] Including org.apache.flink:flink-metrics-core:jar:1.14.4 in the shaded jar.
[INFO] Including org.apache.flink:flink-shaded-asm-7:jar:7.1-14.0 in the shaded jar.
[INFO] Including com.esotericsoftware.kryo:kryo:jar:2.24.0 in the shaded jar.
[INFO] Including com.esotericsoftware.minlog:minlog:jar:1.2 in the shaded jar.
[INFO] Including org.objenesis:objenesis:jar:2.1 in the shaded jar.
[INFO] Including commons-collections:commons-collections:jar:3.2.2 in the shaded jar.
[INFO] Including org.apache.commons:commons-compress:jar:1.21 in the shaded jar.
[INFO] Including org.apache.commons:commons-lang3:jar:3.3.2 in the shaded jar.
[INFO] Including com.google.code.findbugs:jsr305:jar:1.3.9 in the shaded jar.
[INFO] Including org.apache.flink:flink-shaded-force-shading:jar:14.0 in the shaded jar.
[INFO] Including org.apache.flink:flink-file-sink-common:jar:1.14.4 in the shaded jar.
[INFO] Including org.apache.flink:flink-shaded-guava:jar:30.1.1-jre-14.0 in the shaded jar.
[INFO] Including org.apache.flink:flink-connector-files:jar:1.14.4 in the shaded jar.
[INFO] Including org.apache.flink:flink-connector-base:jar:1.14.4 in the shaded jar.
[INFO] Including org.apache.flink:flink-csv:jar:1.14.4 in the shaded jar.
[WARNING] FlinkTpcDs-1.0-SNAPSHOT.jar, commons-collections-3.2.2.jar, commons-compress-1.21.jar, commons-lang3-3.3.2.jar, flink-annotations-1.14.4.jar, flink-connector-base-1.14.4.jar, flink-connector-files-1.14.4.jar, flink-core-1.14.4.jar, flink-csv-1.14.4.jar, flink-file-sink-common-1.14.4.jar, flink-metrics-core-1.14.4.jar, flink-shaded-asm-7-7.1-14.0.jar, flink-shaded-force-shading-14.0.jar, flink-shaded-guava-30.1.1-jre-14.0.jar, jsr305-1.3.9.jar, kryo-2.24.0.jar, minlog-1.2.jar, objenesis-2.1.jar define 1 overlapping resource: 
[WARNING]   - META-INF/MANIFEST.MF
[WARNING] flink-annotations-1.14.4.jar, flink-connector-base-1.14.4.jar, flink-connector-files-1.14.4.jar, flink-core-1.14.4.jar, flink-csv-1.14.4.jar, flink-file-sink-common-1.14.4.jar, flink-metrics-core-1.14.4.jar, flink-shaded-asm-7-7.1-14.0.jar, flink-shaded-force-shading-14.0.jar, flink-shaded-guava-30.1.1-jre-14.0.jar define 1 overlapping resource: 
[WARNING]   - META-INF/DEPENDENCIES
[WARNING] flink-annotations-1.14.4.jar, flink-connector-base-1.14.4.jar, flink-connector-files-1.14.4.jar, flink-core-1.14.4.jar, flink-csv-1.14.4.jar, flink-file-sink-common-1.14.4.jar, flink-metrics-core-1.14.4.jar, flink-shaded-asm-7-7.1-14.0.jar, flink-shaded-force-shading-14.0.jar, flink-shaded-guava-30.1.1-jre-14.0.jar, objenesis-2.1.jar define 2 overlapping resources: 
[WARNING]   - META-INF/LICENSE
[WARNING]   - META-INF/NOTICE
[WARNING] commons-collections-3.2.2.jar, commons-compress-1.21.jar, commons-lang3-3.3.2.jar define 2 overlapping resources: 
[WARNING]   - META-INF/LICENSE.txt
[WARNING]   - META-INF/NOTICE.txt
[WARNING] maven-shade-plugin has detected that some class files are
[WARNING] present in two or more JARs. When this happens, only one
[WARNING] single version of the class is copied to the uber jar.
[WARNING] Usually this is not harmful and you can skip these warnings,
[WARNING] otherwise try to manually exclude artifacts based on
[WARNING] mvn dependency:tree -Ddetail=true and the above output.
[WARNING] See http://maven.apache.org/plugins/maven-shade-plugin/
[INFO] Replacing original artifact with shaded artifact.
[INFO] Replacing /home/egrabovaj/SmartnicOffloading/FlinkProject/FlinkTpcDs/target/FlinkTpcDs-1.0-SNAPSHOT.jar with /home/egrabovaj/SmartnicOffloading/FlinkProject/FlinkTpcDs/target/FlinkTpcDs-1.0-SNAPSHOT-shaded.jar
[INFO] Dependency-reduced POM written at: /home/egrabovaj/SmartnicOffloading/FlinkProject/FlinkTpcDs/dependency-reduced-pom.xml
[INFO] ------------------------------------------------------------------------
[INFO] BUILD SUCCESS
[INFO] ------------------------------------------------------------------------
[INFO] Total time:  1.902 s
[INFO] Finished at: 2025-03-23T20:39:32Z
[INFO] ------------------------------------------------------------------------
